
> florasync-saas@0.1.0 build
> next build

??Next.js 16.2.1 (Turbopack)
- Environments: .env.local

??The "middleware" file convention is deprecated. Please use "proxy" instead. Learn more: https://nextjs.org/docs/messages/middleware-to-proxy
  Creating an optimized production build ...

> Build error occurred
Error: Turbopack build failed with 2 errors:
./src/app/dashboard/orders/new/components/FulfillmentSection.tsx:15:1
Export Textarea doesn't exist in target module
  13 | import { ko } from "date-fns/locale";
  14 | import { cn } from "@/lib/utils";
> 15 | import { Textarea } from "@/components/ui/textarea";
     | ^^^^^^^^^^^^^^^^^^^^^^^^^^^^^^^^^^^^^^^^^^^^^^^^^^^^
  16 |
  17 | // Type definitions should be imported or redefined if they are local
  18 | type ReceiptType = "store_pickup" | "pickup_reservation" | "delivery_reservation";

The export Textarea was not found in module [project]/src/components/ui/textarea.tsx [app-client] (ecmascript).
Did you mean to import default?
All exports of the module are statically known (It doesn't have dynamic exports). So it's known statically that the requested export doesn't exist.

Import traces:
  Client Component Browser:
    ./src/app/dashboard/orders/new/components/FulfillmentSection.tsx [Client Component Browser]
    ./src/app/dashboard/orders/new/page.tsx [Client Component Browser]
    ./src/app/dashboard/orders/new/page.tsx [Server Component]

  Client Component SSR:
    ./src/app/dashboard/orders/new/components/FulfillmentSection.tsx [Client Component SSR]
    ./src/app/dashboard/orders/new/page.tsx [Client Component SSR]
    ./src/app/dashboard/orders/new/page.tsx [Server Component]


./src/app/dashboard/orders/new/components/FulfillmentSection.tsx:15:1
Export Textarea doesn't exist in target module
  13 | import { ko } from "date-fns/locale";
  14 | import { cn } from "@/lib/utils";
> 15 | import { Textarea } from "@/components/ui/textarea";
     | ^^^^^^^^^^^^^^^^^^^^^^^^^^^^^^^^^^^^^^^^^^^^^^^^^^^^
  16 |
  17 | // Type definitions should be imported or redefined if they are local
  18 | type ReceiptType = "store_pickup" | "pickup_reservation" | "delivery_reservation";

The export Textarea was not found in module [project]/src/components/ui/textarea.tsx [app-ssr] (ecmascript).
Did you mean to import default?
All exports of the module are statically known (It doesn't have dynamic exports). So it's known statically that the requested export doesn't exist.

Import traces:
  Client Component Browser:
    ./src/app/dashboard/orders/new/components/FulfillmentSection.tsx [Client Component Browser]
    ./src/app/dashboard/orders/new/page.tsx [Client Component Browser]
    ./src/app/dashboard/orders/new/page.tsx [Server Component]

  Client Component SSR:
    ./src/app/dashboard/orders/new/components/FulfillmentSection.tsx [Client Component SSR]
    ./src/app/dashboard/orders/new/page.tsx [Client Component SSR]
    ./src/app/dashboard/orders/new/page.tsx [Server Component]


    at <unknown> (./src/app/dashboard/orders/new/components/FulfillmentSection.tsx:15:1)
    at <unknown> (./src/app/dashboard/orders/new/components/FulfillmentSection.tsx:15:1)
