src/app/dashboard/orders/new/components/customer-search.tsx(8,10): error TS2300: Duplicate identifier 'Customer'.
src/app/dashboard/orders/new/components/customer-search.tsx(9,10): error TS2300: Duplicate identifier 'Customer'.
src/app/dashboard/orders/new/components/customer-search.tsx(9,10): error TS2459: Module '"@/hooks/use-customers"' declares 'Customer' locally, but it is not exported.
src/app/dashboard/orders/new/components/CustomerSection.tsx(7,65): error TS2307: Cannot find module '@/components/ui/command' or its corresponding type declarations.
src/app/dashboard/orders/new/components/CustomerSection.tsx(10,10): error TS2459: Module '"@/hooks/use-customers"' declares 'Customer' locally, but it is not exported.
src/app/dashboard/orders/new/components/CustomerSection.tsx(11,24): error TS2307: Cannot find module '@/hooks/use-branches' or its corresponding type declarations.
src/app/dashboard/orders/new/components/FulfillmentSection.tsx(15,10): error TS2614: Module '"@/components/ui/textarea"' has no exported member 'Textarea'. Did you mean to use 'import Textarea from "@/components/ui/textarea"' instead?
src/app/dashboard/orders/new/components/FulfillmentSection.tsx(151,49): error TS2322: Type '{ children: Element; asChild: true; }' is not assignable to type 'IntrinsicAttributes & NativeButtonProps & Omit<WithBaseUIEvent<DetailedHTMLProps<ButtonHTMLAttributes<HTMLButtonElement>, HTMLButtonElement>>, "className" | ... 2 more ... | "defaultChecked"> & { ...; } & { ...; }'.
  Property 'asChild' does not exist on type 'IntrinsicAttributes & NativeButtonProps & Omit<WithBaseUIEvent<DetailedHTMLProps<ButtonHTMLAttributes<HTMLButtonElement>, HTMLButtonElement>>, "className" | ... 2 more ... | "defaultChecked"> & { ...; } & { ...; }'.
src/app/dashboard/orders/new/components/FulfillmentSection.tsx(175,58): error TS2322: Type '(time: string) => void' is not assignable to type '(value: string | null, eventDetails: SelectRootChangeEventDetails) => void'.
  Types of parameters 'time' and 'value' are incompatible.
    Type 'string | null' is not assignable to type 'string'.
      Type 'null' is not assignable to type 'string'.
src/app/dashboard/orders/new/components/FulfillmentSection.tsx(318,60): error TS2345: Argument of type 'unknown' is not assignable to parameter of type 'string'.
src/app/dashboard/orders/new/components/FulfillmentSection.tsx(353,44): error TS7006: Parameter 'e' implicitly has an 'any' type.
src/app/dashboard/orders/new/components/FulfillmentSection.tsx(407,40): error TS7006: Parameter 'e' implicitly has an 'any' type.
src/app/dashboard/orders/new/components/OrderSummarySide.tsx(15,10): error TS2459: Module '"@/hooks/use-products"' declares 'Product' locally, but it is not exported.
src/app/dashboard/orders/new/components/ProductSection.tsx(7,10): error TS2459: Module '"@/hooks/use-products"' declares 'Product' locally, but it is not exported.
src/app/dashboard/orders/new/page.tsx(5,26): error TS2307: Cannot find module '@/hooks/use-toast' or its corresponding type declarations.
src/app/dashboard/orders/new/page.tsx(33,20): error TS2304: Cannot find name 'useAuth'.
src/app/dashboard/orders/new/page.tsx(37,11): error TS2339: Property 'findCustomersByContact' does not exist on type '{ customers: Customer[]; loading: boolean; isRefreshing: boolean; fetchCustomers: () => Promise<void>; addCustomer: (customerData: CustomerData) => Promise<string | null>; updateCustomer: (id: string, updates: Partial<...>) => Promise<...>; deleteCustomer: (id: string) => Promise<...>; }'.
src/app/dashboard/orders/new/page.tsx(38,56): error TS2552: Cannot find name 'useDiscountSettings'. Did you mean 'discountSettings'?
src/app/dashboard/orders/new/page.tsx(45,56): error TS2304: Cannot find name 'Branch'.
src/app/dashboard/orders/new/page.tsx(50,21): error TS2554: Expected 0 arguments, but got 1.
src/app/dashboard/orders/new/page.tsx(98,70): error TS2304: Cannot find name 'Customer'.
src/app/dashboard/orders/new/page.tsx(101,60): error TS2304: Cannot find name 'Customer'.
src/app/dashboard/orders/new/page.tsx(102,68): error TS2304: Cannot find name 'Customer'.
src/app/dashboard/orders/new/page.tsx(150,51): error TS2304: Cannot find name 'createClient'.
src/app/dashboard/orders/new/page.tsx(162,29): error TS7006: Parameter 'row' implicitly has an 'any' type.
src/app/dashboard/orders/new/page.tsx(260,38): error TS2339: Property 'branch' does not exist on type 'Product'.
src/app/dashboard/orders/new/page.tsx(269,58): error TS2339: Property 'tenant_name' does not exist on type 'Order'.
src/app/dashboard/orders/new/page.tsx(353,71): error TS2339: Property 'branch' does not exist on type 'Product'.
src/app/dashboard/orders/new/page.tsx(353,93): error TS2339: Property 'tenant_name' does not exist on type 'Order'.
src/app/dashboard/orders/new/page.tsx(369,35): error TS2339: Property 'isAnonymous' does not exist on type 'Order'.
src/app/dashboard/orders/new/page.tsx(370,9): error TS2349: This expression is not callable.
  No constituent of type 'OrderType' is callable.
src/app/dashboard/orders/new/page.tsx(370,33): error TS2339: Property 'orderType' does not exist on type 'Order'.
src/app/dashboard/orders/new/page.tsx(393,24): error TS18048: 'foundOrder.message' is possibly 'undefined'.
src/app/dashboard/orders/new/page.tsx(393,43): error TS2339: Property 'type' does not exist on type '{ content?: string | undefined; sender?: string | undefined; }'.
src/app/dashboard/orders/new/page.tsx(394,30): error TS18048: 'foundOrder.message' is possibly 'undefined'.
src/app/dashboard/orders/new/page.tsx(394,30): error TS18048: 'foundOrder.message.content' is possibly 'undefined'.
src/app/dashboard/orders/new/page.tsx(399,29): error TS18048: 'foundOrder.message' is possibly 'undefined'.
src/app/dashboard/orders/new/page.tsx(399,29): error TS2345: Argument of type 'string | undefined' is not assignable to parameter of type 'SetStateAction<string>'.
  Type 'undefined' is not assignable to type 'SetStateAction<string>'.
src/app/dashboard/orders/new/page.tsx(402,38): error TS2339: Property 'request' does not exist on type 'Order'.
src/app/dashboard/orders/new/page.tsx(462,59): error TS7006: Parameter 'df' implicitly has an 'any' type.
src/app/dashboard/orders/new/page.tsx(486,57): error TS7006: Parameter 'df' implicitly has an 'any' type.
src/app/dashboard/orders/new/page.tsx(487,77): error TS7006: Parameter 'df' implicitly has an 'any' type.
src/app/dashboard/orders/new/page.tsx(490,52): error TS7006: Parameter 'df' implicitly has an 'any' type.
src/app/dashboard/orders/new/page.tsx(554,19): error TS2304: Cannot find name 'createClient'.
src/app/dashboard/orders/new/page.tsx(606,7): error TS2353: Object literal may only specify known properties, and 'docId' does not exist in type 'OrderItem'.
src/app/dashboard/orders/new/page.tsx(629,5): error TS2304: Cannot find name 'debounce'.
src/app/dashboard/orders/new/page.tsx(676,50): error TS7006: Parameter 'df' implicitly has an 'any' type.
src/app/dashboard/orders/new/page.tsx(697,39): error TS2353: Object literal may only specify known properties, and 'isAnonymous' does not exist in type 'OrderData'.
src/app/dashboard/orders/new/page.tsx(722,7): error TS1117: An object literal cannot have multiple properties with the same name.
src/app/dashboard/orders/new/page.tsx(737,30): error TS2552: Cannot find name 'format'. Did you mean 'FormData'?
src/app/dashboard/orders/new/page.tsx(743,30): error TS2552: Cannot find name 'format'. Did you mean 'FormData'?
src/app/dashboard/orders/new/page.tsx(752,7): error TS1117: An object literal cannot have multiple properties with the same name.
src/app/dashboard/orders/new/page.tsx(809,8): error TS2304: Cannot find name 'PageHeader'.
src/app/dashboard/orders/new/page.tsx(819,12): error TS2304: Cannot find name 'CustomerSection'.
src/app/dashboard/orders/new/page.tsx(830,32): error TS7006: Parameter 'c' implicitly has an 'any' type.
src/app/dashboard/orders/new/page.tsx(852,12): error TS2304: Cannot find name 'ProductSection'.
src/app/dashboard/orders/new/page.tsx(936,8): error TS2304: Cannot find name 'Dialog'.
src/app/dashboard/orders/new/page.tsx(937,10): error TS2304: Cannot find name 'DialogContent'.
src/app/dashboard/orders/new/page.tsx(938,12): error TS2304: Cannot find name 'DialogHeader'.
src/app/dashboard/orders/new/page.tsx(939,14): error TS2304: Cannot find name 'DialogTitle'.
src/app/dashboard/orders/new/page.tsx(939,36): error TS2304: Cannot find name 'DialogTitle'.
src/app/dashboard/orders/new/page.tsx(940,14): error TS2304: Cannot find name 'DialogDescription'.
src/app/dashboard/orders/new/page.tsx(942,15): error TS2304: Cannot find name 'DialogDescription'.
src/app/dashboard/orders/new/page.tsx(943,13): error TS2304: Cannot find name 'DialogHeader'.
src/app/dashboard/orders/new/page.tsx(946,16): error TS2304: Cannot find name 'Label'.
src/app/dashboard/orders/new/page.tsx(946,57): error TS2304: Cannot find name 'Label'.
src/app/dashboard/orders/new/page.tsx(947,16): error TS2304: Cannot find name 'Input'.
src/app/dashboard/orders/new/page.tsx(951,28): error TS7006: Parameter 'e' implicitly has an 'any' type.
src/app/dashboard/orders/new/page.tsx(955,16): error TS2304: Cannot find name 'Label'.
src/app/dashboard/orders/new/page.tsx(955,57): error TS2304: Cannot find name 'Label'.
src/app/dashboard/orders/new/page.tsx(956,16): error TS2304: Cannot find name 'Input'.
src/app/dashboard/orders/new/page.tsx(961,28): error TS7006: Parameter 'e' implicitly has an 'any' type.
src/app/dashboard/orders/new/page.tsx(965,16): error TS2304: Cannot find name 'Label'.
src/app/dashboard/orders/new/page.tsx(965,60): error TS2304: Cannot find name 'Label'.
src/app/dashboard/orders/new/page.tsx(966,16): error TS2304: Cannot find name 'Input'.
src/app/dashboard/orders/new/page.tsx(972,28): error TS7006: Parameter 'e' implicitly has an 'any' type.
src/app/dashboard/orders/new/page.tsx(976,12): error TS2304: Cannot find name 'DialogFooter'.
src/app/dashboard/orders/new/page.tsx(977,14): error TS2304: Cannot find name 'Button'.
src/app/dashboard/orders/new/page.tsx(979,15): error TS2304: Cannot find name 'Button'.
src/app/dashboard/orders/new/page.tsx(980,14): error TS2304: Cannot find name 'Button'.
src/app/dashboard/orders/new/page.tsx(982,15): error TS2304: Cannot find name 'Button'.
src/app/dashboard/orders/new/page.tsx(983,13): error TS2304: Cannot find name 'DialogFooter'.
src/app/dashboard/orders/new/page.tsx(984,11): error TS2304: Cannot find name 'DialogContent'.
src/app/dashboard/orders/new/page.tsx(985,9): error TS2304: Cannot find name 'Dialog'.
